# JRE version: OpenJDK Runtime Environment (8.0_242-b01) (build 1.8.0_242-release-1644-b01)
# Java VM: OpenJDK 64-Bit Server VM (25.242-b01 mixed mode windows-amd64 compressed oops)
Heap:
 PSYoungGen      total 34816K, used 21599K [0x00000000d5580000, 0x00000000d7c00000, 0x0000000100000000)
  eden space 30208K, 71% used [0x00000000d5580000,0x00000000d6a97ca0,0x00000000d7300000)
  from space 4608K, 0% used [0x00000000d7300000,0x00000000d7300000,0x00000000d7780000)
  to   space 4608K, 0% used [0x00000000d7780000,0x00000000d7780000,0x00000000d7c00000)
 ParOldGen       total 51712K, used 6216K [0x0000000080000000, 0x0000000083280000, 0x00000000d5580000)
  object space 51712K, 12% used [0x0000000080000000,0x0000000080612100,0x0000000083280000)
 Metaspace       used 16768K, capacity 17364K, committed 17664K, reserved 1064960K
  class space    used 2264K, capacity 2466K, committed 2560K, reserved 1048576K
GC Heap History (10 events):
Event: 1.804 GC heap before
{Heap before GC invocations=2 (full 0):
 PSYoungGen      total 34816K, used 34526K [0x00000000d5580000, 0x00000000d7c00000, 0x0000000100000000)
  eden space 30208K, 100% used [0x00000000d5580000,0x00000000d7300000,0x00000000d7300000)
  from space 4608K, 93% used [0x00000000d7300000,0x00000000d77379c8,0x00000000d7780000)
  to   space 4608K, 0% used [0x00000000d7780000,0x00000000d7780000,0x00000000d7c00000)
 ParOldGen       total 79360K, used 8K [0x0000000080000000, 0x0000000084d80000, 0x00000000d5580000)
  object space 79360K, 0% used [0x0000000080000000,0x0000000080002000,0x0000000084d80000)
 Metaspace       used 7383K, capacity 7634K, committed 7936K, reserved 1056768K
  class space    used 899K, capacity 973K, committed 1024K, reserved 1048576K
Event: 1.808 GC heap after
Heap after GC invocations=2 (full 0):
 PSYoungGen      total 34816K, used 3041K [0x00000000d5580000, 0x00000000d7c00000, 0x0000000100000000)
  eden space 30208K, 0% used [0x00000000d5580000,0x00000000d5580000,0x00000000d7300000)
  from space 4608K, 66% used [0x00000000d7780000,0x00000000d7a78608,0x00000000d7c00000)
  to   space 4608K, 0% used [0x00000000d7300000,0x00000000d7300000,0x00000000d7780000)
 ParOldGen       total 79360K, used 16K [0x0000000080000000, 0x0000000084d80000, 0x00000000d5580000)
  object space 79360K, 0% used [0x0000000080000000,0x0000000080004000,0x0000000084d80000)
 Metaspace       used 7383K, capacity 7634K, committed 7936K, reserved 1056768K
  class space    used 899K, capacity 973K, committed 1024K, reserved 1048576K
}
Event: 2.226 GC heap before
{Heap before GC invocations=3 (full 0):
 PSYoungGen      total 34816K, used 33249K [0x00000000d5580000, 0x00000000d7c00000, 0x0000000100000000)
  eden space 30208K, 100% used [0x00000000d5580000,0x00000000d7300000,0x00000000d7300000)
  from space 4608K, 66% used [0x00000000d7780000,0x00000000d7a78608,0x00000000d7c00000)
  to   space 4608K, 0% used [0x00000000d7300000,0x00000000d7300000,0x00000000d7780000)
 ParOldGen       total 79360K, used 16K [0x0000000080000000, 0x0000000084d80000, 0x00000000d5580000)
  object space 79360K, 0% used [0x0000000080000000,0x0000000080004000,0x0000000084d80000)
 Metaspace       used 9889K, capacity 10162K, committed 10496K, reserved 1058816K
  class space    used 1319K, capacity 1413K, committed 1536K, reserved 1048576K
Event: 2.232 GC heap after
Heap after GC invocations=3 (full 0):
 PSYoungGen      total 34816K, used 4592K [0x00000000d5580000, 0x00000000d7c00000, 0x0000000100000000)
  eden space 30208K, 0% used [0x00000000d5580000,0x00000000d5580000,0x00000000d7300000)
  from space 4608K, 99% used [0x00000000d7300000,0x00000000d777c030,0x00000000d7780000)
  to   space 4608K, 0% used [0x00000000d7780000,0x00000000d7780000,0x00000000d7c00000)
 ParOldGen       total 79360K, used 465K [0x0000000080000000, 0x0000000084d80000, 0x00000000d5580000)
  object space 79360K, 0% used [0x0000000080000000,0x00000000800747e8,0x0000000084d80000)
 Metaspace       used 9889K, capacity 10162K, committed 10496K, reserved 1058816K
  class space    used 1319K, capacity 1413K, committed 1536K, reserved 1048576K
}
Event: 3.514 GC heap before
{Heap before GC invocations=4 (full 0):
 PSYoungGen      total 34816K, used 34800K [0x00000000d5580000, 0x00000000d7c00000, 0x0000000100000000)
  eden space 30208K, 100% used [0x00000000d5580000,0x00000000d7300000,0x00000000d7300000)
  from space 4608K, 99% used [0x00000000d7300000,0x00000000d777c030,0x00000000d7780000)
  to   space 4608K, 0% used [0x00000000d7780000,0x00000000d7780000,0x00000000d7c00000)
 ParOldGen       total 79360K, used 465K [0x0000000080000000, 0x0000000084d80000, 0x00000000d5580000)
  object space 79360K, 0% used [0x0000000080000000,0x00000000800747e8,0x0000000084d80000)
 Metaspace       used 13453K, capacity 13852K, committed 14080K, reserved 1060864K
  class space    used 1847K, capacity 1980K, committed 2048K, reserved 1048576K
Event: 3.523 GC heap after
Heap after GC invocations=4 (full 0):
 PSYoungGen      total 34816K, used 4592K [0x00000000d5580000, 0x00000000d7c00000, 0x0000000100000000)
  eden space 30208K, 0% used [0x00000000d5580000,0x00000000d5580000,0x00000000d7300000)
  from space 4608K, 99% used [0x00000000d7780000,0x00000000d7bfc030,0x00000000d7c00000)
  to   space 4608K, 0% used [0x00000000d7300000,0x00000000d7300000,0x00000000d7780000)
 ParOldGen       total 79360K, used 2483K [0x0000000080000000, 0x0000000084d80000, 0x00000000d5580000)
  object space 79360K, 3% used [0x0000000080000000,0x000000008026cc28,0x0000000084d80000)
 Metaspace       used 13453K, capacity 13852K, committed 14080K, reserved 1060864K
  class space    used 1847K, capacity 1980K, committed 2048K, reserved 1048576K
}
Event: 3.696 GC heap before
{Heap before GC invocations=5 (full 0):
 PSYoungGen      total 34816K, used 16254K [0x00000000d5580000, 0x00000000d7c00000, 0x0000000100000000)
  eden space 30208K, 38% used [0x00000000d5580000,0x00000000d60e3a08,0x00000000d7300000)
  from space 4608K, 99% used [0x00000000d7780000,0x00000000d7bfc030,0x00000000d7c00000)
  to   space 4608K, 0% used [0x00000000d7300000,0x00000000d7300000,0x00000000d7780000)
 ParOldGen       total 79360K, used 2483K [0x0000000080000000, 0x0000000084d80000, 0x00000000d5580000)
  object space 79360K, 3% used [0x0000000080000000,0x000000008026cc28,0x0000000084d80000)
 Metaspace       used 14944K, capacity 15402K, committed 15488K, reserved 1067008K
  class space    used 1996K, capacity 2153K, committed 2176K, reserved 1048576K
Event: 3.707 GC heap after
Heap after GC invocations=5 (full 0):
 PSYoungGen      total 34816K, used 4576K [0x00000000d5580000, 0x00000000d7c00000, 0x0000000100000000)
  eden space 30208K, 0% used [0x00000000d5580000,0x00000000d5580000,0x00000000d7300000)
  from space 4608K, 99% used [0x00000000d7300000,0x00000000d7778218,0x00000000d7780000)
  to   space 4608K, 0% used [0x00000000d7780000,0x00000000d7780000,0x00000000d7c00000)
 ParOldGen       total 79360K, used 4224K [0x0000000080000000, 0x0000000084d80000, 0x00000000d5580000)
  object space 79360K, 5% used [0x0000000080000000,0x00000000804203b0,0x0000000084d80000)
 Metaspace       used 14944K, capacity 15402K, committed 15488K, reserved 1067008K
  class space    used 1996K, capacity 2153K, committed 2176K, reserved 1048576K
}
Event: 3.707 GC heap before
{Heap before GC invocations=6 (full 1):
 PSYoungGen      total 34816K, used 4576K [0x00000000d5580000, 0x00000000d7c00000, 0x0000000100000000)
  eden space 30208K, 0% used [0x00000000d5580000,0x00000000d5580000,0x00000000d7300000)
  from space 4608K, 99% used [0x00000000d7300000,0x00000000d7778218,0x00000000d7780000)
  to   space 4608K, 0% used [0x00000000d7780000,0x00000000d7780000,0x00000000d7c00000)
 ParOldGen       total 79360K, used 4224K [0x0000000080000000, 0x0000000084d80000, 0x00000000d5580000)
  object space 79360K, 5% used [0x0000000080000000,0x00000000804203b0,0x0000000084d80000)
 Metaspace       used 14944K, capacity 15402K, committed 15488K, reserved 1067008K
  class space    used 1996K, capacity 2153K, committed 2176K, reserved 1048576K
Event: 3.769 GC heap after
Heap after GC invocations=6 (full 1):
 PSYoungGen      total 34816K, used 0K [0x00000000d5580000, 0x00000000d7c00000, 0x0000000100000000)
  eden space 30208K, 0% used [0x00000000d5580000,0x00000000d5580000,0x00000000d7300000)
  from space 4608K, 0% used [0x00000000d7300000,0x00000000d7300000,0x00000000d7780000)
  to   space 4608K, 0% used [0x00000000d7780000,0x00000000d7780000,0x00000000d7c00000)
 ParOldGen       total 51712K, used 6216K [0x0000000080000000, 0x0000000083280000, 0x00000000d5580000)
  object space 51712K, 12% used [0x0000000080000000,0x0000000080612100,0x0000000083280000)
 Metaspace       used 14944K, capacity 15402K, committed 15488K, reserved 1064960K
  class space    used 1996K, capacity 2153K, committed 2176K, reserved 1048576K
}

