# JRE version: OpenJDK Runtime Environment (8.0_242-b01) (build 1.8.0_242-release-1644-b01)
# Java VM: OpenJDK 64-Bit Server VM (25.242-b01 mixed mode windows-amd64 compressed oops)
Heap:
 PSYoungGen      total 65024K, used 44316K [0x00000000d5580000, 0x00000000d9980000, 0x0000000100000000)
  eden space 60416K, 65% used [0x00000000d5580000,0x00000000d7c4b278,0x00000000d9080000)
  from space 4608K, 99% used [0x00000000d9500000,0x00000000d997c030,0x00000000d9980000)
  to   space 4608K, 0% used [0x00000000d9080000,0x00000000d9080000,0x00000000d9500000)
 ParOldGen       total 79360K, used 2425K [0x0000000080000000, 0x0000000084d80000, 0x00000000d5580000)
  object space 79360K, 3% used [0x0000000080000000,0x000000008025e758,0x0000000084d80000)
 Metaspace       used 17191K, capacity 17808K, committed 17920K, reserved 1064960K
  class space    used 2340K, capacity 2530K, committed 2560K, reserved 1048576K
GC Heap History (8 events):
Event: 1.146 GC heap before
{Heap before GC invocations=1 (full 0):
 PSYoungGen      total 34816K, used 30208K [0x00000000d5580000, 0x00000000d7c00000, 0x0000000100000000)
  eden space 30208K, 100% used [0x00000000d5580000,0x00000000d7300000,0x00000000d7300000)
  from space 4608K, 0% used [0x00000000d7780000,0x00000000d7780000,0x00000000d7c00000)
  to   space 4608K, 0% used [0x00000000d7300000,0x00000000d7300000,0x00000000d7780000)
 ParOldGen       total 79360K, used 0K [0x0000000080000000, 0x0000000084d80000, 0x00000000d5580000)
  object space 79360K, 0% used [0x0000000080000000,0x0000000080000000,0x0000000084d80000)
 Metaspace       used 7191K, capacity 7438K, committed 7680K, reserved 1056768K
  class space    used 890K, capacity 973K, committed 1024K, reserved 1048576K
Event: 1.155 GC heap after
Heap after GC invocations=1 (full 0):
 PSYoungGen      total 34816K, used 4269K [0x00000000d5580000, 0x00000000d7c00000, 0x0000000100000000)
  eden space 30208K, 0% used [0x00000000d5580000,0x00000000d5580000,0x00000000d7300000)
  from space 4608K, 92% used [0x00000000d7300000,0x00000000d772b508,0x00000000d7780000)
  to   space 4608K, 0% used [0x00000000d7780000,0x00000000d7780000,0x00000000d7c00000)
 ParOldGen       total 79360K, used 8K [0x0000000080000000, 0x0000000084d80000, 0x00000000d5580000)
  object space 79360K, 0% used [0x0000000080000000,0x0000000080002000,0x0000000084d80000)
 Metaspace       used 7191K, capacity 7438K, committed 7680K, reserved 1056768K
  class space    used 890K, capacity 973K, committed 1024K, reserved 1048576K
}
Event: 1.572 GC heap before
{Heap before GC invocations=2 (full 0):
 PSYoungGen      total 34816K, used 34477K [0x00000000d5580000, 0x00000000d7c00000, 0x0000000100000000)
  eden space 30208K, 100% used [0x00000000d5580000,0x00000000d7300000,0x00000000d7300000)
  from space 4608K, 92% used [0x00000000d7300000,0x00000000d772b508,0x00000000d7780000)
  to   space 4608K, 0% used [0x00000000d7780000,0x00000000d7780000,0x00000000d7c00000)
 ParOldGen       total 79360K, used 8K [0x0000000080000000, 0x0000000084d80000, 0x00000000d5580000)
  object space 79360K, 0% used [0x0000000080000000,0x0000000080002000,0x0000000084d80000)
 Metaspace       used 7375K, capacity 7630K, committed 7936K, reserved 1056768K
  class space    used 899K, capacity 973K, committed 1024K, reserved 1048576K
Event: 1.578 GC heap after
Heap after GC invocations=2 (full 0):
 PSYoungGen      total 34816K, used 3057K [0x00000000d5580000, 0x00000000d9980000, 0x0000000100000000)
  eden space 30208K, 0% used [0x00000000d5580000,0x00000000d5580000,0x00000000d7300000)
  from space 4608K, 66% used [0x00000000d7780000,0x00000000d7a7c5f8,0x00000000d7c00000)
  to   space 4608K, 0% used [0x00000000d7300000,0x00000000d7300000,0x00000000d7780000)
 ParOldGen       total 79360K, used 16K [0x0000000080000000, 0x0000000084d80000, 0x00000000d5580000)
  object space 79360K, 0% used [0x0000000080000000,0x0000000080004000,0x0000000084d80000)
 Metaspace       used 7375K, capacity 7630K, committed 7936K, reserved 1056768K
  class space    used 899K, capacity 973K, committed 1024K, reserved 1048576K
}
Event: 1.918 GC heap before
{Heap before GC invocations=3 (full 0):
 PSYoungGen      total 34816K, used 33265K [0x00000000d5580000, 0x00000000d9980000, 0x0000000100000000)
  eden space 30208K, 100% used [0x00000000d5580000,0x00000000d7300000,0x00000000d7300000)
  from space 4608K, 66% used [0x00000000d7780000,0x00000000d7a7c5f8,0x00000000d7c00000)
  to   space 4608K, 0% used [0x00000000d7300000,0x00000000d7300000,0x00000000d7780000)
 ParOldGen       total 79360K, used 16K [0x0000000080000000, 0x0000000084d80000, 0x00000000d5580000)
  object space 79360K, 0% used [0x0000000080000000,0x0000000080004000,0x0000000084d80000)
 Metaspace       used 9884K, capacity 10158K, committed 10496K, reserved 1058816K
  class space    used 1319K, capacity 1413K, committed 1536K, reserved 1048576K
Event: 1.925 GC heap after
Heap after GC invocations=3 (full 0):
 PSYoungGen      total 34816K, used 4576K [0x00000000d5580000, 0x00000000d9980000, 0x0000000100000000)
  eden space 30208K, 0% used [0x00000000d5580000,0x00000000d5580000,0x00000000d7300000)
  from space 4608K, 99% used [0x00000000d7300000,0x00000000d7778020,0x00000000d7780000)
  to   space 4608K, 0% used [0x00000000d9500000,0x00000000d9500000,0x00000000d9980000)
 ParOldGen       total 79360K, used 422K [0x0000000080000000, 0x0000000084d80000, 0x00000000d5580000)
  object space 79360K, 0% used [0x0000000080000000,0x0000000080069930,0x0000000084d80000)
 Metaspace       used 9884K, capacity 10158K, committed 10496K, reserved 1058816K
  class space    used 1319K, capacity 1413K, committed 1536K, reserved 1048576K
}
Event: 3.119 GC heap before
{Heap before GC invocations=4 (full 0):
 PSYoungGen      total 34816K, used 34784K [0x00000000d5580000, 0x00000000d9980000, 0x0000000100000000)
  eden space 30208K, 100% used [0x00000000d5580000,0x00000000d7300000,0x00000000d7300000)
  from space 4608K, 99% used [0x00000000d7300000,0x00000000d7778020,0x00000000d7780000)
  to   space 4608K, 0% used [0x00000000d9500000,0x00000000d9500000,0x00000000d9980000)
 ParOldGen       total 79360K, used 422K [0x0000000080000000, 0x0000000084d80000, 0x00000000d5580000)
  object space 79360K, 0% used [0x0000000080000000,0x0000000080069930,0x0000000084d80000)
 Metaspace       used 13432K, capacity 13848K, committed 14080K, reserved 1060864K
  class space    used 1845K, capacity 1980K, committed 2048K, reserved 1048576K
Event: 3.131 GC heap after
Heap after GC invocations=4 (full 0):
 PSYoungGen      total 65024K, used 4592K [0x00000000d5580000, 0x00000000d9980000, 0x0000000100000000)
  eden space 60416K, 0% used [0x00000000d5580000,0x00000000d5580000,0x00000000d9080000)
  from space 4608K, 99% used [0x00000000d9500000,0x00000000d997c030,0x00000000d9980000)
  to   space 4608K, 0% used [0x00000000d9080000,0x00000000d9080000,0x00000000d9500000)
 ParOldGen       total 79360K, used 2425K [0x0000000080000000, 0x0000000084d80000, 0x00000000d5580000)
  object space 79360K, 3% used [0x0000000080000000,0x000000008025e758,0x0000000084d80000)
 Metaspace       used 13432K, capacity 13848K, committed 14080K, reserved 1060864K
  class space    used 1845K, capacity 1980K, committed 2048K, reserved 1048576K
}

