# JRE version: OpenJDK Runtime Environment (8.0_242-b01) (build 1.8.0_242-release-1644-b01)
# Java VM: OpenJDK 64-Bit Server VM (25.242-b01 mixed mode windows-amd64 compressed oops)
Heap:
 PSYoungGen      total 34816K, used 23719K [0x00000000d5580000, 0x00000000d8c00000, 0x0000000100000000)
  eden space 30208K, 66% used [0x00000000d5580000,0x00000000d68f9cf0,0x00000000d7300000)
  from space 4608K, 81% used [0x00000000d7780000,0x00000000d7b30000,0x00000000d7c00000)
  to   space 4608K, 0% used [0x00000000d7300000,0x00000000d7300000,0x00000000d7780000)
 ParOldGen       total 47104K, used 3580K [0x0000000080000000, 0x0000000082e00000, 0x00000000d5580000)
  object space 47104K, 7% used [0x0000000080000000,0x000000008037f198,0x0000000082e00000)
 Metaspace       used 14613K, capacity 15078K, committed 15232K, reserved 1062912K
  class space    used 2000K, capacity 2153K, committed 2176K, reserved 1048576K
GC Heap History (10 events):
Event: 1.234 GC heap before
{Heap before GC invocations=1 (full 0):
 PSYoungGen      total 34816K, used 30208K [0x00000000d5580000, 0x00000000d7c00000, 0x0000000100000000)
  eden space 30208K, 100% used [0x00000000d5580000,0x00000000d7300000,0x00000000d7300000)
  from space 4608K, 0% used [0x00000000d7780000,0x00000000d7780000,0x00000000d7c00000)
  to   space 4608K, 0% used [0x00000000d7300000,0x00000000d7300000,0x00000000d7780000)
 ParOldGen       total 79360K, used 0K [0x0000000080000000, 0x0000000084d80000, 0x00000000d5580000)
  object space 79360K, 0% used [0x0000000080000000,0x0000000080000000,0x0000000084d80000)
 Metaspace       used 7186K, capacity 7438K, committed 7680K, reserved 1056768K
  class space    used 890K, capacity 973K, committed 1024K, reserved 1048576K
Event: 1.243 GC heap after
Heap after GC invocations=1 (full 0):
 PSYoungGen      total 34816K, used 4366K [0x00000000d5580000, 0x00000000d7c00000, 0x0000000100000000)
  eden space 30208K, 0% used [0x00000000d5580000,0x00000000d5580000,0x00000000d7300000)
  from space 4608K, 94% used [0x00000000d7300000,0x00000000d77439b8,0x00000000d7780000)
  to   space 4608K, 0% used [0x00000000d7780000,0x00000000d7780000,0x00000000d7c00000)
 ParOldGen       total 79360K, used 8K [0x0000000080000000, 0x0000000084d80000, 0x00000000d5580000)
  object space 79360K, 0% used [0x0000000080000000,0x0000000080002000,0x0000000084d80000)
 Metaspace       used 7186K, capacity 7438K, committed 7680K, reserved 1056768K
  class space    used 890K, capacity 973K, committed 1024K, reserved 1048576K
}
Event: 1.630 GC heap before
{Heap before GC invocations=2 (full 0):
 PSYoungGen      total 34816K, used 34574K [0x00000000d5580000, 0x00000000d7c00000, 0x0000000100000000)
  eden space 30208K, 100% used [0x00000000d5580000,0x00000000d7300000,0x00000000d7300000)
  from space 4608K, 94% used [0x00000000d7300000,0x00000000d77439b8,0x00000000d7780000)
  to   space 4608K, 0% used [0x00000000d7780000,0x00000000d7780000,0x00000000d7c00000)
 ParOldGen       total 79360K, used 8K [0x0000000080000000, 0x0000000084d80000, 0x00000000d5580000)
  object space 79360K, 0% used [0x0000000080000000,0x0000000080002000,0x0000000084d80000)
 Metaspace       used 7378K, capacity 7630K, committed 7936K, reserved 1056768K
  class space    used 899K, capacity 973K, committed 1024K, reserved 1048576K
Event: 1.635 GC heap after
Heap after GC invocations=2 (full 0):
 PSYoungGen      total 34816K, used 3041K [0x00000000d5580000, 0x00000000d7c00000, 0x0000000100000000)
  eden space 30208K, 0% used [0x00000000d5580000,0x00000000d5580000,0x00000000d7300000)
  from space 4608K, 66% used [0x00000000d7780000,0x00000000d7a785e8,0x00000000d7c00000)
  to   space 4608K, 0% used [0x00000000d7300000,0x00000000d7300000,0x00000000d7780000)
 ParOldGen       total 79360K, used 16K [0x0000000080000000, 0x0000000084d80000, 0x00000000d5580000)
  object space 79360K, 0% used [0x0000000080000000,0x0000000080004000,0x0000000084d80000)
 Metaspace       used 7378K, capacity 7630K, committed 7936K, reserved 1056768K
  class space    used 899K, capacity 973K, committed 1024K, reserved 1048576K
}
Event: 1.789 GC heap before
{Heap before GC invocations=3 (full 0):
 PSYoungGen      total 34816K, used 23734K [0x00000000d5580000, 0x00000000d7c00000, 0x0000000100000000)
  eden space 30208K, 68% used [0x00000000d5580000,0x00000000d69b55e0,0x00000000d7300000)
  from space 4608K, 66% used [0x00000000d7780000,0x00000000d7a785e8,0x00000000d7c00000)
  to   space 4608K, 0% used [0x00000000d7300000,0x00000000d7300000,0x00000000d7780000)
 ParOldGen       total 79360K, used 16K [0x0000000080000000, 0x0000000084d80000, 0x00000000d5580000)
  object space 79360K, 0% used [0x0000000080000000,0x0000000080004000,0x0000000084d80000)
 Metaspace       used 7991K, capacity 8262K, committed 8320K, reserved 1060864K
  class space    used 1035K, capacity 1141K, committed 1152K, reserved 1048576K
Event: 1.794 GC heap after
Heap after GC invocations=3 (full 0):
 PSYoungGen      total 34816K, used 3696K [0x00000000d5580000, 0x00000000d7c00000, 0x0000000100000000)
  eden space 30208K, 0% used [0x00000000d5580000,0x00000000d5580000,0x00000000d7300000)
  from space 4608K, 80% used [0x00000000d7300000,0x00000000d769c010,0x00000000d7780000)
  to   space 4608K, 0% used [0x00000000d7780000,0x00000000d7780000,0x00000000d7c00000)
 ParOldGen       total 79360K, used 24K [0x0000000080000000, 0x0000000084d80000, 0x00000000d5580000)
  object space 79360K, 0% used [0x0000000080000000,0x0000000080006000,0x0000000084d80000)
 Metaspace       used 7991K, capacity 8262K, committed 8320K, reserved 1060864K
  class space    used 1035K, capacity 1141K, committed 1152K, reserved 1048576K
}
Event: 1.794 GC heap before
{Heap before GC invocations=4 (full 1):
 PSYoungGen      total 34816K, used 3696K [0x00000000d5580000, 0x00000000d7c00000, 0x0000000100000000)
  eden space 30208K, 0% used [0x00000000d5580000,0x00000000d5580000,0x00000000d7300000)
  from space 4608K, 80% used [0x00000000d7300000,0x00000000d769c010,0x00000000d7780000)
  to   space 4608K, 0% used [0x00000000d7780000,0x00000000d7780000,0x00000000d7c00000)
 ParOldGen       total 79360K, used 24K [0x0000000080000000, 0x0000000084d80000, 0x00000000d5580000)
  object space 79360K, 0% used [0x0000000080000000,0x0000000080006000,0x0000000084d80000)
 Metaspace       used 7991K, capacity 8262K, committed 8320K, reserved 1060864K
  class space    used 1035K, capacity 1141K, committed 1152K, reserved 1048576K
Event: 1.817 GC heap after
Heap after GC invocations=4 (full 1):
 PSYoungGen      total 34816K, used 0K [0x00000000d5580000, 0x00000000d7c00000, 0x0000000100000000)
  eden space 30208K, 0% used [0x00000000d5580000,0x00000000d5580000,0x00000000d7300000)
  from space 4608K, 0% used [0x00000000d7300000,0x00000000d7300000,0x00000000d7780000)
  to   space 4608K, 0% used [0x00000000d7780000,0x00000000d7780000,0x00000000d7c00000)
 ParOldGen       total 47104K, used 3572K [0x0000000080000000, 0x0000000082e00000, 0x00000000d5580000)
  object space 47104K, 7% used [0x0000000080000000,0x000000008037d198,0x0000000082e00000)
 Metaspace       used 7991K, capacity 8262K, committed 8320K, reserved 1058816K
  class space    used 1035K, capacity 1141K, committed 1152K, reserved 1048576K
}
Event: 2.952 GC heap before
{Heap before GC invocations=5 (full 1):
 PSYoungGen      total 34816K, used 30208K [0x00000000d5580000, 0x00000000d7c00000, 0x0000000100000000)
  eden space 30208K, 100% used [0x00000000d5580000,0x00000000d7300000,0x00000000d7300000)
  from space 4608K, 0% used [0x00000000d7300000,0x00000000d7300000,0x00000000d7780000)
  to   space 4608K, 0% used [0x00000000d7780000,0x00000000d7780000,0x00000000d7c00000)
 ParOldGen       total 47104K, used 3572K [0x0000000080000000, 0x0000000082e00000, 0x00000000d5580000)
  object space 47104K, 7% used [0x0000000080000000,0x000000008037d198,0x0000000082e00000)
 Metaspace       used 12790K, capacity 13228K, committed 13440K, reserved 1062912K
  class space    used 1750K, capacity 1882K, committed 1920K, reserved 1048576K
Event: 2.961 GC heap after
Heap after GC invocations=5 (full 1):
 PSYoungGen      total 34816K, used 3776K [0x00000000d5580000, 0x00000000d8c00000, 0x0000000100000000)
  eden space 30208K, 0% used [0x00000000d5580000,0x00000000d5580000,0x00000000d7300000)
  from space 4608K, 81% used [0x00000000d7780000,0x00000000d7b30000,0x00000000d7c00000)
  to   space 4608K, 0% used [0x00000000d7300000,0x00000000d7300000,0x00000000d7780000)
 ParOldGen       total 47104K, used 3580K [0x0000000080000000, 0x0000000082e00000, 0x00000000d5580000)
  object space 47104K, 7% used [0x0000000080000000,0x000000008037f198,0x0000000082e00000)
 Metaspace       used 12790K, capacity 13228K, committed 13440K, reserved 1062912K
  class space    used 1750K, capacity 1882K, committed 1920K, reserved 1048576K
}

